# JRE version: OpenJDK Runtime Environment (17.0.6) (build 17.0.6+0-b2043.56-9586694)
# Java VM: OpenJDK 64-Bit Server VM (17.0.6+0-b2043.56-9586694, mixed mode, tiered, compressed oops, compressed class ptrs, g1 gc, windows-amd64)
GC Precious Log:
 CPUs: 12 total, 12 available
 Memory: 16089M
 Large Page Support: Disabled
 NUMA Support: Disabled
 Compressed Oops: Enabled (32-bit)
 Heap Region Size: 1M
 Heap Min Capacity: 8M
 Heap Initial Capacity: 252M
 Heap Max Capacity: 2G
 Pre-touch: Disabled
 Parallel Workers: 10
 Concurrent Workers: 3
 Concurrent Refinement Workers: 10
 Periodic GC: Disabled
Heap:
 garbage-first heap   total 367616K, used 223062K [0x0000000080000000, 0x0000000100000000)
  region size 1024K, 6 young (6144K), 6 survivors (6144K)
 Metaspace       used 111163K, committed 111808K, reserved 1146880K
  class space    used 15215K, committed 15488K, reserved 1048576K
GC Heap History (20 events):
Event: 8.540 GC heap after
{Heap after GC invocations=40 (full 0):
 garbage-first heap   total 287744K, used 140896K [0x0000000080000000, 0x0000000100000000)
  region size 1024K, 12 young (12288K), 12 survivors (12288K)
 Metaspace       used 108611K, committed 109312K, reserved 1146880K
  class space    used 14937K, committed 15296K, reserved 1048576K
}
Event: 8.541 GC heap before
{Heap before GC invocations=40 (full 0):
 garbage-first heap   total 287744K, used 143968K [0x0000000080000000, 0x0000000100000000)
  region size 1024K, 13 young (13312K), 12 survivors (12288K)
 Metaspace       used 108611K, committed 109312K, reserved 1146880K
  class space    used 14937K, committed 15296K, reserved 1048576K
}
Event: 8.544 GC heap after
{Heap after GC invocations=41 (full 0):
 garbage-first heap   total 287744K, used 143727K [0x0000000080000000, 0x0000000100000000)
  region size 1024K, 4 young (4096K), 4 survivors (4096K)
 Metaspace       used 108611K, committed 109312K, reserved 1146880K
  class space    used 14937K, committed 15296K, reserved 1048576K
}
Event: 8.897 GC heap before
{Heap before GC invocations=42 (full 0):
 garbage-first heap   total 287744K, used 245103K [0x0000000080000000, 0x0000000100000000)
  region size 1024K, 99 young (101376K), 4 survivors (4096K)
 Metaspace       used 109855K, committed 110528K, reserved 1146880K
  class space    used 15095K, committed 15424K, reserved 1048576K
}
Event: 8.913 GC heap after
{Heap after GC invocations=43 (full 0):
 garbage-first heap   total 287744K, used 175862K [0x0000000080000000, 0x0000000100000000)
  region size 1024K, 13 young (13312K), 13 survivors (13312K)
 Metaspace       used 109855K, committed 110528K, reserved 1146880K
  class space    used 15095K, committed 15424K, reserved 1048576K
}
Event: 8.921 GC heap before
{Heap before GC invocations=43 (full 0):
 garbage-first heap   total 287744K, used 177910K [0x0000000080000000, 0x0000000100000000)
  region size 1024K, 15 young (15360K), 13 survivors (13312K)
 Metaspace       used 109858K, committed 110528K, reserved 1146880K
  class space    used 15095K, committed 15424K, reserved 1048576K
}
Event: 8.929 GC heap after
{Heap after GC invocations=44 (full 0):
 garbage-first heap   total 346112K, used 176796K [0x0000000080000000, 0x0000000100000000)
  region size 1024K, 2 young (2048K), 2 survivors (2048K)
 Metaspace       used 109858K, committed 110528K, reserved 1146880K
  class space    used 15095K, committed 15424K, reserved 1048576K
}
Event: 9.175 GC heap before
{Heap before GC invocations=44 (full 0):
 garbage-first heap   total 346112K, used 265884K [0x0000000080000000, 0x0000000100000000)
  region size 1024K, 90 young (92160K), 2 survivors (2048K)
 Metaspace       used 110100K, committed 110784K, reserved 1146880K
  class space    used 15105K, committed 15424K, reserved 1048576K
}
Event: 9.187 GC heap after
{Heap after GC invocations=45 (full 0):
 garbage-first heap   total 346112K, used 213264K [0x0000000080000000, 0x0000000100000000)
  region size 1024K, 12 young (12288K), 12 survivors (12288K)
 Metaspace       used 110100K, committed 110784K, reserved 1146880K
  class space    used 15105K, committed 15424K, reserved 1048576K
}
Event: 9.516 GC heap before
{Heap before GC invocations=46 (full 0):
 garbage-first heap   total 367616K, used 256272K [0x0000000080000000, 0x0000000100000000)
  region size 1024K, 67 young (68608K), 12 survivors (12288K)
 Metaspace       used 110143K, committed 110784K, reserved 1146880K
  class space    used 15104K, committed 15424K, reserved 1048576K
}
Event: 9.526 GC heap after
{Heap after GC invocations=47 (full 0):
 garbage-first heap   total 367616K, used 208227K [0x0000000080000000, 0x0000000100000000)
  region size 1024K, 7 young (7168K), 7 survivors (7168K)
 Metaspace       used 110143K, committed 110784K, reserved 1146880K
  class space    used 15104K, committed 15424K, reserved 1048576K
}
Event: 9.660 GC heap before
{Heap before GC invocations=47 (full 0):
 garbage-first heap   total 367616K, used 219491K [0x0000000080000000, 0x0000000100000000)
  region size 1024K, 17 young (17408K), 7 survivors (7168K)
 Metaspace       used 110148K, committed 110784K, reserved 1146880K
  class space    used 15104K, committed 15424K, reserved 1048576K
}
Event: 9.667 GC heap after
{Heap after GC invocations=48 (full 0):
 garbage-first heap   total 367616K, used 205903K [0x0000000080000000, 0x0000000100000000)
  region size 1024K, 3 young (3072K), 3 survivors (3072K)
 Metaspace       used 110148K, committed 110784K, reserved 1146880K
  class space    used 15104K, committed 15424K, reserved 1048576K
}
Event: 9.683 GC heap before
{Heap before GC invocations=48 (full 0):
 garbage-first heap   total 367616K, used 206927K [0x0000000080000000, 0x0000000100000000)
  region size 1024K, 5 young (5120K), 3 survivors (3072K)
 Metaspace       used 110148K, committed 110784K, reserved 1146880K
  class space    used 15104K, committed 15424K, reserved 1048576K
}
Event: 9.685 GC heap after
{Heap after GC invocations=49 (full 0):
 garbage-first heap   total 367616K, used 205212K [0x0000000080000000, 0x0000000100000000)
  region size 1024K, 2 young (2048K), 2 survivors (2048K)
 Metaspace       used 110148K, committed 110784K, reserved 1146880K
  class space    used 15104K, committed 15424K, reserved 1048576K
}
Event: 10.267 GC heap before
{Heap before GC invocations=50 (full 0):
 garbage-first heap   total 367616K, used 295324K [0x0000000080000000, 0x0000000100000000)
  region size 1024K, 77 young (78848K), 2 survivors (2048K)
 Metaspace       used 111033K, committed 111744K, reserved 1146880K
  class space    used 15202K, committed 15488K, reserved 1048576K
}
Event: 10.271 GC heap after
{Heap after GC invocations=51 (full 0):
 garbage-first heap   total 367616K, used 226767K [0x0000000080000000, 0x0000000100000000)
  region size 1024K, 9 young (9216K), 9 survivors (9216K)
 Metaspace       used 111033K, committed 111744K, reserved 1146880K
  class space    used 15202K, committed 15488K, reserved 1048576K
}
Event: 10.287 GC heap before
{Heap before GC invocations=51 (full 0):
 garbage-first heap   total 367616K, used 235983K [0x0000000080000000, 0x0000000100000000)
  region size 1024K, 17 young (17408K), 9 survivors (9216K)
 Metaspace       used 111042K, committed 111744K, reserved 1146880K
  class space    used 15202K, committed 15488K, reserved 1048576K
}
Event: 10.295 GC heap after
{Heap after GC invocations=52 (full 0):
 garbage-first heap   total 367616K, used 219904K [0x0000000080000000, 0x0000000100000000)
  region size 1024K, 3 young (3072K), 3 survivors (3072K)
 Metaspace       used 111042K, committed 111744K, reserved 1146880K
  class space    used 15202K, committed 15488K, reserved 1048576K
}
Event: 10.332 GC heap before
{Heap before GC invocations=52 (full 0):
 garbage-first heap   total 367616K, used 234240K [0x0000000080000000, 0x0000000100000000)
  region size 1024K, 19 young (19456K), 3 survivors (3072K)
 Metaspace       used 111163K, committed 111808K, reserved 1146880K
  class space    used 15215K, committed 15488K, reserved 1048576K
}

